<?xml version="1.0" encoding="UTF-8"?>
<!-- Generated by org.testng.reporters.JUnitXMLReporter -->
<testsuite hostname="ABDUL-RAFEEQ" name="LoginUsingLog4J" tests="3" failures="0" timestamp="18 Nov 2022 05:08:35 GMT" time="0.592" errors="0">
  <testcase name="@BeforeTest orangeHRMApplicationLaunch" time="0.0" classname="com.Log4j.OHRMLogin">
    <failure type="java.lang.IllegalStateException" message="The path to the driver executable must be set by the webdriver.chrome.driver system property; for more information, see https://github.com/SeleniumHQ/selenium/wiki/ChromeDriver. The latest version can be downloaded from http://chromedriver.storage.googleapis.com/index.html">
      <![CDATA[java.lang.IllegalStateException: The path to the driver executable must be set by the webdriver.chrome.driver system property; for more information, see https://github.com/SeleniumHQ/selenium/wiki/ChromeDriver. The latest version can be downloaded from http://chromedriver.storage.googleapis.com/index.html
	at com.google.common.base.Preconditions.checkState(Preconditions.java:847)
	at org.openqa.selenium.remote.service.DriverService.findExecutable(DriverService.java:134)
	at org.openqa.selenium.chrome.ChromeDriverService.access$000(ChromeDriverService.java:35)
	at org.openqa.selenium.chrome.ChromeDriverService$Builder.findDefaultExecutable(ChromeDriverService.java:159)
	at org.openqa.selenium.remote.service.DriverService$Builder.build(DriverService.java:355)
	at org.openqa.selenium.chrome.ChromeDriverService.createDefaultService(ChromeDriverService.java:94)
	at org.openqa.selenium.chrome.ChromeDriver.<init>(ChromeDriver.java:123)
	at com.Log4j.OHRMLogin.orangeHRMApplicationLaunch(OHRMLogin.java:29)
... Removed 22 stack frames]]>
    </failure>
  </testcase> <!-- @BeforeTest orangeHRMApplicationLaunch -->
  <testcase name="@AfterTest OrangeHRMApplicationClose" time="0.0" classname="com.Log4j.OHRMLogin">
    <skipped/>
  </testcase> <!-- @AfterTest OrangeHRMApplicationClose -->
  <testcase name="logInTest" time="0.002" classname="com.Log4j.OHRMLogin">
    <skipped/>
  </testcase> <!-- logInTest -->
  <testcase name="welComeAdminTest" time="0.002" classname="com.Log4j.OHRMLogin">
    <skipped/>
  </testcase> <!-- welComeAdminTest -->
  <testcase name="logOutTest" time="0.003" classname="com.Log4j.OHRMLogin">
    <skipped/>
  </testcase> <!-- logOutTest -->
</testsuite> <!-- LoginUsingLog4J -->
