<?xml version="1.0" encoding="UTF-8"?>
<testng-results skipped="3" failed="0" total="3" passed="0">
  <reporter-output>
  </reporter-output>
  <suite name="OrangeHRMApplication" duration-ms="592" started-at="2022-11-18T05:08:34Z" finished-at="2022-11-18T05:08:35Z">
    <groups>
    </groups>
    <test name="LoginUsingLog4J" duration-ms="592" started-at="2022-11-18T05:08:34Z" finished-at="2022-11-18T05:08:35Z">
      <class name="com.Log4j.OHRMLogin">
        <test-method status="FAIL" signature="orangeHRMApplicationLaunch()[pri:0, instance:com.Log4j.OHRMLogin@3f0ee7cb]" name="orangeHRMApplicationLaunch" is-config="true" duration-ms="0" started-at="2022-11-18T10:38:34Z" finished-at="2022-11-18T10:38:34Z">
          <exception class="java.lang.IllegalStateException">
            <message>
              <![CDATA[The path to the driver executable must be set by the webdriver.chrome.driver system property; for more information, see https://github.com/SeleniumHQ/selenium/wiki/ChromeDriver. The latest version can be downloaded from http://chromedriver.storage.googleapis.com/index.html]]>
            </message>
            <full-stacktrace>
              <![CDATA[java.lang.IllegalStateException: The path to the driver executable must be set by the webdriver.chrome.driver system property; for more information, see https://github.com/SeleniumHQ/selenium/wiki/ChromeDriver. The latest version can be downloaded from http://chromedriver.storage.googleapis.com/index.html
	at com.google.common.base.Preconditions.checkState(Preconditions.java:847)
	at org.openqa.selenium.remote.service.DriverService.findExecutable(DriverService.java:134)
	at org.openqa.selenium.chrome.ChromeDriverService.access$000(ChromeDriverService.java:35)
	at org.openqa.selenium.chrome.ChromeDriverService$Builder.findDefaultExecutable(ChromeDriverService.java:159)
	at org.openqa.selenium.remote.service.DriverService$Builder.build(DriverService.java:355)
	at org.openqa.selenium.chrome.ChromeDriverService.createDefaultService(ChromeDriverService.java:94)
	at org.openqa.selenium.chrome.ChromeDriver.<init>(ChromeDriver.java:123)
	at com.Log4j.OHRMLogin.orangeHRMApplicationLaunch(OHRMLogin.java:29)
	at sun.reflect.NativeMethodAccessorImpl.invoke0(Native Method)
	at sun.reflect.NativeMethodAccessorImpl.invoke(Unknown Source)
	at sun.reflect.DelegatingMethodAccessorImpl.invoke(Unknown Source)
	at java.lang.reflect.Method.invoke(Unknown Source)
	at org.testng.internal.MethodInvocationHelper.invokeMethod(MethodInvocationHelper.java:86)
	at org.testng.internal.Invoker.invokeConfigurationMethod(Invoker.java:514)
	at org.testng.internal.Invoker.invokeConfigurations(Invoker.java:215)
	at org.testng.internal.Invoker.invokeConfigurations(Invoker.java:142)
	at org.testng.TestRunner.beforeRun(TestRunner.java:656)
	at org.testng.TestRunner.run(TestRunner.java:624)
	at org.testng.SuiteRunner.runTest(SuiteRunner.java:366)
	at org.testng.SuiteRunner.runSequentially(SuiteRunner.java:361)
	at org.testng.SuiteRunner.privateRun(SuiteRunner.java:319)
	at org.testng.SuiteRunner.run(SuiteRunner.java:268)
	at org.testng.SuiteRunnerWorker.runSuite(SuiteRunnerWorker.java:52)
	at org.testng.SuiteRunnerWorker.run(SuiteRunnerWorker.java:86)
	at org.testng.TestNG.runSuitesSequentially(TestNG.java:1244)
	at org.testng.TestNG.runSuitesLocally(TestNG.java:1169)
	at org.testng.TestNG.run(TestNG.java:1064)
	at org.testng.remote.RemoteTestNG.run(RemoteTestNG.java:113)
	at org.testng.remote.RemoteTestNG.initAndRun(RemoteTestNG.java:206)
	at org.testng.remote.RemoteTestNG.main(RemoteTestNG.java:177)
]]>
            </full-stacktrace>
          </exception> <!-- java.lang.IllegalStateException -->
          <reporter-output>
          </reporter-output>
        </test-method> <!-- orangeHRMApplicationLaunch -->
        <test-method status="SKIP" signature="logInTest()[pri:1, instance:com.Log4j.OHRMLogin@3f0ee7cb]" name="logInTest" duration-ms="2" started-at="2022-11-18T10:38:35Z" finished-at="2022-11-18T10:38:35Z">
          <reporter-output>
          </reporter-output>
        </test-method> <!-- logInTest -->
        <test-method status="SKIP" signature="welComeAdminTest()[pri:2, instance:com.Log4j.OHRMLogin@3f0ee7cb]" name="welComeAdminTest" duration-ms="2" started-at="2022-11-18T10:38:35Z" finished-at="2022-11-18T10:38:35Z">
          <reporter-output>
          </reporter-output>
        </test-method> <!-- welComeAdminTest -->
        <test-method status="SKIP" signature="logOutTest()[pri:3, instance:com.Log4j.OHRMLogin@3f0ee7cb]" name="logOutTest" duration-ms="3" started-at="2022-11-18T10:38:35Z" finished-at="2022-11-18T10:38:35Z">
          <reporter-output>
          </reporter-output>
        </test-method> <!-- logOutTest -->
        <test-method status="SKIP" signature="OrangeHRMApplicationClose()[pri:0, instance:com.Log4j.OHRMLogin@3f0ee7cb]" name="OrangeHRMApplicationClose" is-config="true" duration-ms="0" started-at="2022-11-18T10:38:35Z" finished-at="2022-11-18T10:38:35Z">
          <reporter-output>
          </reporter-output>
        </test-method> <!-- OrangeHRMApplicationClose -->
      </class> <!-- com.Log4j.OHRMLogin -->
    </test> <!-- LoginUsingLog4J -->
  </suite> <!-- OrangeHRMApplication -->
</testng-results>
